Using pre-set license
Built from '2020.2/release' branch; Version is '2020.2.1f1 (270dd8c3da1c) revision 2559448'; Using compiler version '192528614'; Build Type 'Release'
OS: 'Windows 10  (10.0.0) 64bit' Language: 'es' Physical Memory: 8074 MB
BatchMode: 1, IsHumanControllingUs: 0, StartBugReporterOnCrash: 0, Is64bit: 1, IsPro: 0

 COMMAND LINE ARGUMENTS:
C:\Program Files\Unity\Editor\Unity.exe
-adb2
-batchMode
-noUpm
-name
AssetImportWorker0
-projectPath
C:/Users/rafam/Desktop/unityGame/unityGame
-logFile
Logs/AssetImportWorker0.log
-srvPort
56808
Successfully changed project path to: C:/Users/rafam/Desktop/unityGame/unityGame
C:/Users/rafam/Desktop/unityGame/unityGame
Using Asset Import Pipeline V2.
Refreshing native plugins compatible for Editor in 92.99 ms, found 1 plugins.
Preloading 0 native plugins for Editor in 0.00 ms.
Initialize engine version: 2020.2.1f1 (270dd8c3da1c)
[Subsystems] Discovering subsystems at path C:/Program Files/Unity/Editor/Data/Resources/UnitySubsystems
[Subsystems] Discovering subsystems at path C:/Users/rafam/Desktop/unityGame/unityGame/Assets
GfxDevice: creating device client; threaded=0
Direct3D:
    Version:  Direct3D 11.0 [level 11.1]
    Renderer: Intel(R) HD Graphics 620 (ID=0x5921)
    Vendor:   
    VRAM:     4037 MB
    Driver:   26.20.100.7870
Initialize mono
Mono path[0] = 'C:/Program Files/Unity/Editor/Data/Managed'
Mono path[1] = 'C:/Program Files/Unity/Editor/Data/MonoBleedingEdge/lib/mono/unityjit'
Mono config path = 'C:/Program Files/Unity/Editor/Data/MonoBleedingEdge/etc'
Using monoOptions --debugger-agent=transport=dt_socket,embedding=1,server=y,suspend=n,address=127.0.0.1:56604
Begin MonoManager ReloadAssembly
Registering precompiled unity dll's ...
Register platform support module: C:/Program Files/Unity/Editor/Data/PlaybackEngines/WindowsStandaloneSupport/UnityEditor.WindowsStandalone.Extensions.dll
Registered in 0.003415 seconds.
Native extension for WindowsStandalone target not found
Refreshing native plugins compatible for Editor in 99.30 ms, found 1 plugins.
Preloading 0 native plugins for Editor in 0.00 ms.
Invoked RoslynAnalysisRunner static constructor.
RoslynAnalysisRunner will not be running.
RoslynAnalysisRunner has terminated.
Mono: successfully reloaded assembly
- Completed reload, in  6.128 seconds
Platform modules already initialized, skipping
Registering precompiled user dll's ...
Registered in 0.002359 seconds.
Begin MonoManager ReloadAssembly
Native extension for WindowsStandalone target not found
Refreshing native plugins compatible for Editor in 96.34 ms, found 1 plugins.
Preloading 0 native plugins for Editor in 0.00 ms.
Invoked RoslynAnalysisRunner static constructor.
RoslynAnalysisRunner will not be running.
RoslynAnalysisRunner has terminated.
Mono: successfully reloaded assembly
- Completed reload, in  2.484 seconds
Platform modules already initialized, skipping
========================================================================
Worker process is ready to serve import requests
Launched and connected shader compiler UnityShaderCompiler.exe after 0.09 seconds
Refreshing native plugins compatible for Editor in 0.52 ms, found 1 plugins.
Preloading 0 native plugins for Editor in 0.00 ms.
Unloading 1836 Unused Serialized files (Serialized files now loaded: 0)
System memory in use before: 87.1 MB.
System memory in use after: 87.1 MB.

Unloading 24 unused Assets to reduce memory usage. Loaded Objects now: 2280.
Total: 5.790700 ms (FindLiveObjects: 0.443000 ms CreateObjectMapping: 0.231400 ms MarkObjects: 4.788700 ms  DeleteObjects: 0.324900 ms)

========================================================================
Received Import Request.
  path: Assets/Scripts/Jugador.cs
  artifactKey: Guid(b2e913c9072261144b73643ed26adf36) Importer(815301076,1909f56bfc062723c751e8b465ee728b)
Start importing Assets/Scripts/Jugador.cs using Guid(b2e913c9072261144b73643ed26adf36) Importer(815301076,1909f56bfc062723c751e8b465ee728b)  -> (artifact id: 'f7c14a593684b988bbb4a6053b2146cb') in 0.116269 seconds
  Import took 0.122409 seconds .

========================================================================
Received Import Request.
  Time since last request: 0.000326 seconds.
  path: Assets/Scripts/GameManager.cs
  artifactKey: Guid(ea46c0bb2631599479b0b51a40074ae0) Importer(815301076,1909f56bfc062723c751e8b465ee728b)
Start importing Assets/Scripts/GameManager.cs using Guid(ea46c0bb2631599479b0b51a40074ae0) Importer(815301076,1909f56bfc062723c751e8b465ee728b)  -> (artifact id: '6423446fcabacc89faf2bb3c4ff7b54a') in 0.015593 seconds
  Import took 0.021894 seconds .

========================================================================
Received Prepare
Registering precompiled user dll's ...
Registered in 0.002504 seconds.
Begin MonoManager ReloadAssembly
Native extension for WindowsStandalone target not found
Refreshing native plugins compatible for Editor in 0.49 ms, found 1 plugins.
Preloading 0 native plugins for Editor in 0.00 ms.
Invoked RoslynAnalysisRunner static constructor.
RoslynAnalysisRunner will not be running.
RoslynAnalysisRunner has terminated.
Mono: successfully reloaded assembly
- Completed reload, in  1.801 seconds
Platform modules already initialized, skipping
Refreshing native plugins compatible for Editor in 0.88 ms, found 1 plugins.
Preloading 0 native plugins for Editor in 0.00 ms.
Unloading 1818 Unused Serialized files (Serialized files now loaded: 0)
System memory in use before: 86.3 MB.
System memory in use after: 86.3 MB.

Unloading 12 unused Assets to reduce memory usage. Loaded Objects now: 2283.
Total: 4.126700 ms (FindLiveObjects: 0.233700 ms CreateObjectMapping: 0.102200 ms MarkObjects: 3.504300 ms  DeleteObjects: 0.284000 ms)

========================================================================
Received Prepare
Registering precompiled user dll's ...
Registered in 0.001643 seconds.
Begin MonoManager ReloadAssembly
Native extension for WindowsStandalone target not found
Refreshing native plugins compatible for Editor in 0.72 ms, found 1 plugins.
Preloading 0 native plugins for Editor in 0.00 ms.
Invoked RoslynAnalysisRunner static constructor.
RoslynAnalysisRunner will not be running.
RoslynAnalysisRunner has terminated.
Mono: successfully reloaded assembly
- Completed reload, in  2.606 seconds
Platform modules already initialized, skipping
Refreshing native plugins compatible for Editor in 0.60 ms, found 1 plugins.
Preloading 0 native plugins for Editor in 0.00 ms.
Unloading 1818 Unused Serialized files (Serialized files now loaded: 0)
System memory in use before: 86.5 MB.
System memory in use after: 86.5 MB.

Unloading 12 unused Assets to reduce memory usage. Loaded Objects now: 2286.
Total: 4.296200 ms (FindLiveObjects: 0.301200 ms CreateObjectMapping: 0.129600 ms MarkObjects: 3.650600 ms  DeleteObjects: 0.211600 ms)

========================================================================
Received Import Request.
  Time since last request: 720.171658 seconds.
  path: Assets/ARCADECLASSIC SDF.asset
  artifactKey: Guid(cb104120e745f524e97c9b1f919ea3ab) Importer(815301076,1909f56bfc062723c751e8b465ee728b)
Start importing Assets/ARCADECLASSIC SDF.asset using Guid(cb104120e745f524e97c9b1f919ea3ab) Importer(815301076,1909f56bfc062723c751e8b465ee728b)  -> (artifact id: 'cce0ad33c473212868483f1ab5a05627') in 0.340256 seconds
  Import took 0.351330 seconds .

========================================================================
Received Import Request.
  Time since last request: 10.802340 seconds.
  path: Assets/Sounds
  artifactKey: Guid(bae2772c726d84f47af7675a8f66fa3f) Importer(815301076,1909f56bfc062723c751e8b465ee728b)
Start importing Assets/Sounds using Guid(bae2772c726d84f47af7675a8f66fa3f) Importer(815301076,1909f56bfc062723c751e8b465ee728b)  -> (artifact id: '6c7388e20d6e5f6d978f98c5e1b3ab3f') in 0.021715 seconds
  Import took 0.033058 seconds .

========================================================================
Received Import Request.
  Time since last request: 31.716256 seconds.
  path: Assets/Sounds/musica.mp3
  artifactKey: Guid(75853be306b744742882fdb79fda2898) Importer(815301076,1909f56bfc062723c751e8b465ee728b)
Start importing Assets/Sounds/musica.mp3 using Guid(75853be306b744742882fdb79fda2898) Importer(815301076,1909f56bfc062723c751e8b465ee728b)  -> (artifact id: 'ffda382ce6332912366c1cdc554ea3f6') in 0.097811 seconds
  Import took 0.123654 seconds .

========================================================================
Received Prepare
Registering precompiled user dll's ...
Registered in 0.005279 seconds.
Begin MonoManager ReloadAssembly
Native extension for WindowsStandalone target not found
Refreshing native plugins compatible for Editor in 0.95 ms, found 1 plugins.
Preloading 0 native plugins for Editor in 0.00 ms.
Invoked RoslynAnalysisRunner static constructor.
RoslynAnalysisRunner will not be running.
RoslynAnalysisRunner has terminated.
Mono: successfully reloaded assembly
- Completed reload, in  2.831 seconds
Platform modules already initialized, skipping
Refreshing native plugins compatible for Editor in 0.70 ms, found 1 plugins.
Preloading 0 native plugins for Editor in 0.00 ms.
Unloading 1818 Unused Serialized files (Serialized files now loaded: 0)
System memory in use before: 90.1 MB.
System memory in use after: 90.1 MB.

Unloading 12 unused Assets to reduce memory usage. Loaded Objects now: 2333.
Total: 6.343900 ms (FindLiveObjects: 0.462800 ms CreateObjectMapping: 0.263500 ms MarkObjects: 5.140000 ms  DeleteObjects: 0.473100 ms)

========================================================================
Received Prepare
Registering precompiled user dll's ...
Registered in 0.001921 seconds.
Begin MonoManager ReloadAssembly
Native extension for WindowsStandalone target not found
Refreshing native plugins compatible for Editor in 0.79 ms, found 1 plugins.
Preloading 0 native plugins for Editor in 0.00 ms.
Invoked RoslynAnalysisRunner static constructor.
RoslynAnalysisRunner will not be running.
RoslynAnalysisRunner has terminated.
Mono: successfully reloaded assembly
- Completed reload, in  1.674 seconds
Platform modules already initialized, skipping
Refreshing native plugins compatible for Editor in 0.48 ms, found 1 plugins.
Preloading 0 native plugins for Editor in 0.00 ms.
Unloading 1818 Unused Serialized files (Serialized files now loaded: 0)
System memory in use before: 90.3 MB.
System memory in use after: 90.3 MB.

Unloading 12 unused Assets to reduce memory usage. Loaded Objects now: 2336.
Total: 3.700000 ms (FindLiveObjects: 0.237700 ms CreateObjectMapping: 0.096800 ms MarkObjects: 3.152400 ms  DeleteObjects: 0.211500 ms)

========================================================================
Received Prepare
Registering precompiled user dll's ...
Registered in 0.001563 seconds.
Begin MonoManager ReloadAssembly
Native extension for WindowsStandalone target not found
Refreshing native plugins compatible for Editor in 0.72 ms, found 1 plugins.
Preloading 0 native plugins for Editor in 0.00 ms.
Invoked RoslynAnalysisRunner static constructor.
RoslynAnalysisRunner will not be running.
RoslynAnalysisRunner has terminated.
Mono: successfully reloaded assembly
- Completed reload, in  2.360 seconds
Platform modules already initialized, skipping
Refreshing native plugins compatible for Editor in 0.76 ms, found 1 plugins.
Preloading 0 native plugins for Editor in 0.00 ms.
Unloading 1818 Unused Serialized files (Serialized files now loaded: 0)
System memory in use before: 90.4 MB.
System memory in use after: 90.4 MB.

Unloading 12 unused Assets to reduce memory usage. Loaded Objects now: 2339.
Total: 4.394500 ms (FindLiveObjects: 0.329200 ms CreateObjectMapping: 0.149300 ms MarkObjects: 3.707300 ms  DeleteObjects: 0.206400 ms)

AssetImportWorkerClient::OnTransportError - code=2 error=End of file
